<?xml version="1.0" encoding="UTF-8"?>
<!-- Generated by org.testng.reporters.JUnitXMLReporter -->
<testsuite ignored="0" hostname="DESKTOP-HFJIJJP" failures="0" tests="3" name="Default test" time="0.119" errors="0" timestamp="2022-07-29T10:05:57 GMT-07:00">
  <testcase classname="com.testng.TestNG_CrossBrowser" name="@BeforeClass launchbrowser" time="-1.659114357264E9">
    <failure type="org.testng.TestNGException" message="
Parameter &amp;apos;browsers&amp;apos; is required by BeforeClass on method launchbrowser but has not been marked @Optional or defined
in C:\Users\welcome\AppData\Local\Temp\testng-eclipse--1958642180\testng-customsuite.xml">
      <![CDATA[org.testng.TestNGException: 
Parameter 'browsers' is required by BeforeClass on method launchbrowser but has not been marked @Optional or defined
in C:\Users\welcome\AppData\Local\Temp\testng-eclipse--1958642180\testng-customsuite.xml
at org.testng.internal.Parameters.createParams(Parameters.java:289)
at org.testng.internal.Parameters.createParametersForMethod(Parameters.java:377)
at org.testng.internal.Parameters.createParameters(Parameters.java:721)
at org.testng.internal.Parameters.createConfigurationParameters(Parameters.java:164)
at org.testng.internal.ConfigInvoker.invokeConfigurations(ConfigInvoker.java:275)
at org.testng.internal.TestMethodWorker.invokeBeforeClassMethods(TestMethodWorker.java:176)
at org.testng.internal.TestMethodWorker.run(TestMethodWorker.java:122)
at java.base/java.util.ArrayList.forEach(ArrayList.java:1511)
at org.testng.TestRunner.privateRun(TestRunner.java:770)
at org.testng.TestRunner.run(TestRunner.java:591)
at org.testng.SuiteRunner.runTest(SuiteRunner.java:402)
at org.testng.SuiteRunner.runSequentially(SuiteRunner.java:396)
at org.testng.SuiteRunner.privateRun(SuiteRunner.java:355)
at org.testng.SuiteRunner.run(SuiteRunner.java:304)
at org.testng.SuiteRunnerWorker.runSuite(SuiteRunnerWorker.java:53)
at org.testng.SuiteRunnerWorker.run(SuiteRunnerWorker.java:96)
at org.testng.TestNG.runSuitesSequentially(TestNG.java:1180)
at org.testng.TestNG.runSuitesLocally(TestNG.java:1102)
at org.testng.TestNG.runSuites(TestNG.java:1032)
at org.testng.TestNG.run(TestNG.java:1000)
at org.testng.remote.AbstractRemoteTestNG.run(AbstractRemoteTestNG.java:115)
at org.testng.remote.RemoteTestNG.initAndRun(RemoteTestNG.java:251)
at org.testng.remote.RemoteTestNG.main(RemoteTestNG.java:77)
]]>
    </failure>
  </testcase> <!-- @BeforeClass launchbrowser -->
  <testcase classname="com.testng.TestNG_CrossBrowser" name="@BeforeMethod loginFB" time="-1.659114357316E9">
    <skipped/>
  </testcase> <!-- @BeforeMethod loginFB -->
  <testcase classname="com.testng.TestNG_CrossBrowser" name="@AfterMethod afterlogin" time="-1.659114357327E9">
    <skipped/>
  </testcase> <!-- @AfterMethod afterlogin -->
  <testcase classname="com.testng.TestNG_CrossBrowser" name="@BeforeMethod loginFB" time="-1.659114357328E9">
    <skipped/>
  </testcase> <!-- @BeforeMethod loginFB -->
  <testcase classname="com.testng.TestNG_CrossBrowser" name="@AfterMethod afterlogin" time="-1.659114357333E9">
    <skipped/>
  </testcase> <!-- @AfterMethod afterlogin -->
  <testcase classname="com.testng.TestNG_CrossBrowser" name="@BeforeMethod loginFB" time="-1.659114357334E9">
    <skipped/>
  </testcase> <!-- @BeforeMethod loginFB -->
  <testcase classname="com.testng.TestNG_CrossBrowser" name="@AfterMethod afterlogin" time="-1.65911435734E9">
    <skipped/>
  </testcase> <!-- @AfterMethod afterlogin -->
  <testcase classname="com.testng.TestNG_CrossBrowser" name="@AfterClass quitBrowser" time="-1.659114357342E9">
    <skipped/>
  </testcase> <!-- @AfterClass quitBrowser -->
  <testcase classname="com.testng.TestNG_CrossBrowser" name="login" time="0.0">
    <skipped/>
  </testcase> <!-- login -->
  <testcase classname="com.testng.TestNG_CrossBrowser" name="login" time="0.0">
    <skipped/>
  </testcase> <!-- login -->
  <testcase classname="com.testng.TestNG_CrossBrowser" name="login" time="0.0">
    <skipped/>
  </testcase> <!-- login -->
</testsuite> <!-- Default test -->
